2025-01-17 14:46:04,625 - INFO - Processing file: IESE_Fiche-technique_extracted_text.txt
2025-01-17 14:46:07,758 - ERROR - JSON decode error for IESE_Fiche-technique_extracted_text.txt: Expecting value: line 1 column 1 (char 0)
2025-01-17 14:46:07,759 - INFO - Processing file: ING-CMI_extracted_text.txt
2025-01-17 14:46:09,573 - ERROR - JSON decode error for ING-CMI_extracted_text.txt: Expecting value: line 1 column 1 (char 0)
2025-01-17 14:46:09,575 - INFO - Processing file: ING-IAA_extracted_text.txt
2025-01-17 14:46:11,314 - ERROR - JSON decode error for ING-IAA_extracted_text.txt: Expecting value: line 1 column 1 (char 0)
2025-01-17 14:46:11,315 - INFO - Processing file: ING-IMt_extracted_text.txt
2025-01-17 14:46:13,104 - ERROR - JSON decode error for ING-IMt_extracted_text.txt: Expecting value: line 1 column 1 (char 0)
2025-01-17 14:46:13,105 - INFO - Processing file: ING-ISACQ_extracted_text.txt
2025-01-17 14:46:15,687 - ERROR - JSON decode error for ING-ISACQ_extracted_text.txt: Expecting value: line 1 column 1 (char 0)
2025-01-17 14:46:15,689 - INFO - Processing file: ING-SICOM_extracted_text.txt
2025-01-17 14:46:20,642 - INFO - Program info extracted for ING-SICOM_extracted_text.txt and saved in universityprograms directory.
2025-01-17 14:46:20,643 - INFO - Processing file: LST-BPHSA_extracted_text.txt
2025-01-17 14:46:22,934 - INFO - Program info extracted for LST-BPHSA_extracted_text.txt and saved in universityprograms directory.
2025-01-17 14:46:22,935 - INFO - Processing file: LST-BVPR_extracted_text.txt
2025-01-17 14:46:24,387 - ERROR - JSON decode error for LST-BVPR_extracted_text.txt: Expecting value: line 1 column 1 (char 0)
2025-01-17 14:46:24,388 - INFO - Processing file: LST-G-Indus_extracted_text.txt
2025-01-17 14:46:25,950 - ERROR - JSON decode error for LST-G-Indus_extracted_text.txt: Expecting value: line 1 column 1 (char 0)
2025-01-17 14:46:25,951 - INFO - Processing file: LST-G-Info_extracted_text.txt
2025-01-17 14:46:27,716 - INFO - Program info extracted for LST-G-Info_extracted_text.txt and saved in universityprograms directory.
2025-01-17 14:46:27,717 - INFO - Processing file: LST-GC_extracted_text.txt
2025-01-17 14:46:30,119 - ERROR - JSON decode error for LST-GC_extracted_text.txt: Expecting value: line 1 column 1 (char 0)
2025-01-17 14:46:30,121 - INFO - Processing file: LST-GE_extracted_text.txt
2025-01-17 14:46:31,710 - ERROR - JSON decode error for LST-GE_extracted_text.txt: Expecting value: line 1 column 1 (char 0)
2025-01-17 14:46:31,711 - INFO - Processing file: LST-GRE_extracted_text.txt
2025-01-17 14:46:33,432 - ERROR - JSON decode error for LST-GRE_extracted_text.txt: Expecting value: line 1 column 1 (char 0)
2025-01-17 14:46:33,433 - INFO - Processing file: LST-MA_extracted_text.txt
2025-01-17 14:46:35,168 - ERROR - JSON decode error for LST-MA_extracted_text.txt: Expecting value: line 1 column 1 (char 0)
2025-01-17 14:46:35,169 - INFO - Processing file: LST-SBAS_extracted_text.txt
2025-01-17 14:46:36,341 - ERROR - JSON decode error for LST-SBAS_extracted_text.txt: Expecting value: line 1 column 1 (char 0)
2025-01-17 14:46:36,342 - INFO - Processing file: LST-TACQ_extracted_text.txt
2025-01-17 14:46:37,666 - ERROR - JSON decode error for LST-TACQ_extracted_text.txt: Expecting value: line 1 column 1 (char 0)
2025-01-17 14:46:37,668 - INFO - Processing file: LST_CAM_extracted_text.txt
2025-01-17 14:46:38,978 - ERROR - JSON decode error for LST_CAM_extracted_text.txt: Expecting value: line 1 column 1 (char 0)
2025-01-17 14:46:38,979 - INFO - Processing file: MST-BM_extracted_text.txt
2025-01-17 14:46:41,195 - ERROR - JSON decode error for MST-BM_extracted_text.txt: Expecting value: line 1 column 1 (char 0)
2025-01-17 14:46:41,195 - INFO - Processing file: MST-CMBA_extracted_text.txt
2025-01-17 14:46:42,677 - INFO - Program info extracted for MST-CMBA_extracted_text.txt and saved in universityprograms directory.
2025-01-17 14:46:42,678 - INFO - Processing file: MST-GCB_extracted_text.txt
2025-01-17 14:46:44,815 - ERROR - JSON decode error for MST-GCB_extracted_text.txt: Expecting value: line 1 column 1 (char 0)
2025-01-17 14:46:44,816 - INFO - Processing file: MST-GIndus_extracted_text.txt
2025-01-17 14:46:46,765 - ERROR - JSON decode error for MST-GIndus_extracted_text.txt: Expecting value: line 1 column 1 (char 0)
2025-01-17 14:46:46,765 - INFO - Processing file: MST-GMPr_extracted_text.txt
2025-01-17 14:46:49,471 - INFO - Program info extracted for MST-GMPr_extracted_text.txt and saved in universityprograms directory.
2025-01-17 14:46:49,472 - INFO - Processing file: MST-GMP_extracted_text.txt
2025-01-17 14:46:51,318 - ERROR - JSON decode error for MST-GMP_extracted_text.txt: Expecting value: line 1 column 1 (char 0)
2025-01-17 14:46:51,321 - INFO - Processing file: MST-MACS_extracted_text.txt
2025-01-17 14:46:53,150 - ERROR - JSON decode error for MST-MACS_extracted_text.txt: Expecting value: line 1 column 1 (char 0)
2025-01-17 14:46:53,151 - INFO - Processing file: MST-SDSI_extracted_text.txt
2025-01-17 14:46:54,999 - ERROR - JSON decode error for MST-SDSI_extracted_text.txt: Expecting value: line 1 column 1 (char 0)
2025-01-17 14:46:55,000 - INFO - Processing file: MST-SIE_extracted_text.txt
2025-01-17 14:46:57,376 - INFO - Program info extracted for MST-SIE_extracted_text.txt and saved in universityprograms directory.
2025-01-17 14:46:57,378 - INFO - Processing file: Réglement-Ing-Verso_extracted_text.txt
2025-01-17 14:46:59,211 - ERROR - JSON decode error for Réglement-Ing-Verso_extracted_text.txt: Expecting value: line 1 column 1 (char 0)
2025-01-17 14:46:59,211 - INFO - Processing file: Réglement-LST-Verso_extracted_text.txt
2025-01-17 14:47:00,178 - ERROR - JSON decode error for Réglement-LST-Verso_extracted_text.txt: Expecting value: line 1 column 1 (char 0)
2025-01-17 14:47:00,178 - INFO - Processing file: Réglement-MST-verso_extracted_text.txt
2025-01-17 14:47:03,221 - ERROR - JSON decode error for Réglement-MST-verso_extracted_text.txt: Expecting value: line 1 column 1 (char 0)
2025-01-17 14:47:03,221 - INFO - Processing file: Réglement-TC-Verso_extracted_text.txt
2025-01-17 14:47:04,362 - ERROR - JSON decode error for Réglement-TC-Verso_extracted_text.txt: Expecting value: line 1 column 1 (char 0)
2025-01-17 14:47:04,364 - INFO - Processing file: TC-BCG_extracted_text.txt
2025-01-17 14:47:05,788 - ERROR - JSON decode error for TC-BCG_extracted_text.txt: Expecting value: line 1 column 1 (char 0)
2025-01-17 14:47:05,790 - INFO - Processing file: TC-MIP_extracted_text.txt
2025-01-17 14:47:08,666 - ERROR - JSON decode error for TC-MIP_extracted_text.txt: Expecting value: line 1 column 1 (char 0)
2025-01-17 14:47:08,667 - INFO - Extraction of program info complete for all text files.
2025-01-17 14:49:25,050 - INFO - Processing file: IESE_Fiche-technique_extracted_text.txt
2025-01-17 14:49:29,698 - ERROR - JSON decode error for IESE_Fiche-technique_extracted_text.txt: Expecting value: line 1 column 1 (char 0)
2025-01-17 14:49:29,699 - INFO - Processing file: ING-CMI_extracted_text.txt
2025-01-17 14:49:34,152 - ERROR - JSON decode error for ING-CMI_extracted_text.txt: Expecting value: line 1 column 1 (char 0)
2025-01-17 14:49:34,153 - INFO - Processing file: ING-IAA_extracted_text.txt
2025-01-17 14:49:37,430 - ERROR - JSON decode error for ING-IAA_extracted_text.txt: Expecting value: line 1 column 1 (char 0)
2025-01-17 14:49:37,432 - INFO - Processing file: ING-IMt_extracted_text.txt
2025-01-17 14:49:45,156 - ERROR - JSON decode error for ING-IMt_extracted_text.txt: Expecting value: line 1 column 1 (char 0)
2025-01-17 14:49:45,158 - INFO - Processing file: ING-ISACQ_extracted_text.txt
2025-01-17 14:49:52,814 - ERROR - JSON decode error for ING-ISACQ_extracted_text.txt: Expecting value: line 1 column 1 (char 0)
2025-01-17 14:49:52,814 - INFO - Processing file: ING-SICOM_extracted_text.txt
2025-01-17 14:49:57,180 - ERROR - JSON decode error for ING-SICOM_extracted_text.txt: Expecting value: line 1 column 1 (char 0)
2025-01-17 14:49:57,181 - INFO - Processing file: LST-BPHSA_extracted_text.txt
2025-01-17 14:50:01,331 - ERROR - JSON decode error for LST-BPHSA_extracted_text.txt: Expecting value: line 1 column 1 (char 0)
2025-01-17 14:50:01,332 - INFO - Processing file: LST-BVPR_extracted_text.txt
2025-01-17 14:50:05,471 - ERROR - JSON decode error for LST-BVPR_extracted_text.txt: Expecting value: line 1 column 1 (char 0)
2025-01-17 14:50:05,473 - INFO - Processing file: LST-G-Indus_extracted_text.txt
2025-01-17 14:50:08,645 - ERROR - JSON decode error for LST-G-Indus_extracted_text.txt: Expecting value: line 1 column 1 (char 0)
2025-01-17 14:50:08,647 - INFO - Processing file: LST-G-Info_extracted_text.txt
2025-01-17 14:50:12,146 - ERROR - JSON decode error for LST-G-Info_extracted_text.txt: Expecting value: line 1 column 1 (char 0)
2025-01-17 14:50:12,148 - INFO - Processing file: LST-GC_extracted_text.txt
2025-01-17 14:50:21,784 - INFO - Processing file: IESE_Fiche-technique_extracted_text.txt
2025-01-17 14:50:24,168 - ERROR - JSON decode error for IESE_Fiche-technique_extracted_text.txt: Expecting value: line 1 column 1 (char 0)
2025-01-17 14:50:24,169 - INFO - Processing file: ING-CMI_extracted_text.txt
2025-01-17 14:50:25,871 - ERROR - JSON decode error for ING-CMI_extracted_text.txt: Expecting value: line 1 column 1 (char 0)
2025-01-17 14:50:25,872 - INFO - Processing file: ING-IAA_extracted_text.txt
2025-01-17 14:50:27,362 - ERROR - JSON decode error for ING-IAA_extracted_text.txt: Expecting value: line 1 column 1 (char 0)
2025-01-17 14:50:27,364 - INFO - Processing file: ING-IMt_extracted_text.txt
2025-01-17 14:50:30,427 - ERROR - JSON decode error for ING-IMt_extracted_text.txt: Expecting value: line 1 column 1 (char 0)
2025-01-17 14:50:30,429 - INFO - Processing file: ING-ISACQ_extracted_text.txt
2025-01-17 14:50:32,996 - INFO - Program info extracted for ING-ISACQ_extracted_text.txt and saved in universityprograms directory.
2025-01-17 14:50:32,996 - INFO - Processing file: ING-SICOM_extracted_text.txt
2025-01-17 14:50:35,399 - ERROR - JSON decode error for ING-SICOM_extracted_text.txt: Expecting value: line 1 column 1 (char 0)
2025-01-17 14:50:35,401 - INFO - Processing file: LST-BPHSA_extracted_text.txt
2025-01-17 14:50:37,757 - INFO - Program info extracted for LST-BPHSA_extracted_text.txt and saved in universityprograms directory.
2025-01-17 14:50:37,758 - INFO - Processing file: LST-BVPR_extracted_text.txt
2025-01-17 14:50:39,439 - ERROR - JSON decode error for LST-BVPR_extracted_text.txt: Expecting value: line 1 column 1 (char 0)
2025-01-17 14:50:39,440 - INFO - Processing file: LST-G-Indus_extracted_text.txt
2025-01-17 14:50:40,776 - ERROR - JSON decode error for LST-G-Indus_extracted_text.txt: Expecting value: line 1 column 1 (char 0)
2025-01-17 14:50:40,776 - INFO - Processing file: LST-G-Info_extracted_text.txt
2025-01-17 14:50:43,517 - INFO - Program info extracted for LST-G-Info_extracted_text.txt and saved in universityprograms directory.
2025-01-17 14:50:43,518 - INFO - Processing file: LST-GC_extracted_text.txt
2025-01-17 14:50:47,843 - INFO - Program info extracted for LST-GC_extracted_text.txt and saved in universityprograms directory.
2025-01-17 14:50:47,845 - INFO - Processing file: LST-GE_extracted_text.txt
2025-01-17 14:50:49,416 - ERROR - JSON decode error for LST-GE_extracted_text.txt: Expecting value: line 1 column 1 (char 0)
2025-01-17 14:50:49,417 - INFO - Processing file: LST-GRE_extracted_text.txt
2025-01-17 14:50:51,227 - ERROR - JSON decode error for LST-GRE_extracted_text.txt: Expecting value: line 1 column 1 (char 0)
2025-01-17 14:50:51,228 - INFO - Processing file: LST-MA_extracted_text.txt
2025-01-17 14:50:53,344 - ERROR - JSON decode error for LST-MA_extracted_text.txt: Expecting value: line 1 column 1 (char 0)
2025-01-17 14:50:53,345 - INFO - Processing file: LST-SBAS_extracted_text.txt
2025-01-17 14:50:54,812 - ERROR - JSON decode error for LST-SBAS_extracted_text.txt: Expecting value: line 1 column 1 (char 0)
2025-01-17 14:50:54,812 - INFO - Processing file: LST-TACQ_extracted_text.txt
2025-01-17 14:50:56,573 - ERROR - JSON decode error for LST-TACQ_extracted_text.txt: Expecting value: line 1 column 1 (char 0)
2025-01-17 14:50:56,575 - INFO - Processing file: LST_CAM_extracted_text.txt
2025-01-17 14:50:58,335 - ERROR - JSON decode error for LST_CAM_extracted_text.txt: Expecting value: line 1 column 1 (char 0)
2025-01-17 14:50:58,337 - INFO - Processing file: MST-BM_extracted_text.txt
2025-01-17 14:51:00,344 - ERROR - JSON decode error for MST-BM_extracted_text.txt: Expecting value: line 1 column 1 (char 0)
2025-01-17 14:51:00,347 - INFO - Processing file: MST-CMBA_extracted_text.txt
2025-01-17 14:51:01,699 - INFO - Program info extracted for MST-CMBA_extracted_text.txt and saved in universityprograms directory.
2025-01-17 14:51:01,701 - INFO - Processing file: MST-GCB_extracted_text.txt
2025-01-17 14:51:04,135 - ERROR - JSON decode error for MST-GCB_extracted_text.txt: Expecting value: line 1 column 1 (char 0)
2025-01-17 14:51:04,138 - INFO - Processing file: MST-GIndus_extracted_text.txt
2025-01-17 14:51:05,516 - INFO - Program info extracted for MST-GIndus_extracted_text.txt and saved in universityprograms directory.
2025-01-17 14:51:05,517 - INFO - Processing file: MST-GMPr_extracted_text.txt
2025-01-17 14:51:08,356 - ERROR - JSON decode error for MST-GMPr_extracted_text.txt: Expecting value: line 1 column 1 (char 0)
2025-01-17 14:51:08,358 - INFO - Processing file: MST-GMP_extracted_text.txt
2025-01-17 14:51:09,687 - ERROR - JSON decode error for MST-GMP_extracted_text.txt: Expecting value: line 1 column 1 (char 0)
2025-01-17 14:51:09,688 - INFO - Processing file: MST-MACS_extracted_text.txt
2025-01-17 14:51:11,299 - ERROR - JSON decode error for MST-MACS_extracted_text.txt: Expecting value: line 1 column 1 (char 0)
2025-01-17 14:51:11,302 - INFO - Processing file: MST-SDSI_extracted_text.txt
2025-01-17 14:51:14,107 - INFO - Program info extracted for MST-SDSI_extracted_text.txt and saved in universityprograms directory.
2025-01-17 14:51:14,109 - INFO - Processing file: MST-SIE_extracted_text.txt
2025-01-17 14:51:15,601 - ERROR - JSON decode error for MST-SIE_extracted_text.txt: Expecting value: line 1 column 1 (char 0)
2025-01-17 14:51:15,603 - INFO - Processing file: Réglement-Ing-Verso_extracted_text.txt
2025-01-17 14:51:16,690 - ERROR - JSON decode error for Réglement-Ing-Verso_extracted_text.txt: Expecting value: line 1 column 1 (char 0)
2025-01-17 14:51:16,691 - INFO - Processing file: Réglement-LST-Verso_extracted_text.txt
2025-01-17 14:51:17,631 - ERROR - JSON decode error for Réglement-LST-Verso_extracted_text.txt: Expecting value: line 1 column 1 (char 0)
2025-01-17 14:51:17,632 - INFO - Processing file: Réglement-MST-verso_extracted_text.txt
2025-01-17 14:51:18,792 - ERROR - JSON decode error for Réglement-MST-verso_extracted_text.txt: Expecting value: line 1 column 1 (char 0)
2025-01-17 14:51:18,793 - INFO - Processing file: Réglement-TC-Verso_extracted_text.txt
2025-01-17 14:51:19,793 - ERROR - JSON decode error for Réglement-TC-Verso_extracted_text.txt: Expecting value: line 1 column 1 (char 0)
2025-01-17 14:51:19,794 - INFO - Processing file: TC-BCG_extracted_text.txt
2025-01-17 14:51:21,412 - ERROR - JSON decode error for TC-BCG_extracted_text.txt: Expecting value: line 1 column 1 (char 0)
2025-01-17 14:51:21,413 - INFO - Processing file: TC-MIP_extracted_text.txt
2025-01-17 14:51:23,411 - ERROR - JSON decode error for TC-MIP_extracted_text.txt: Expecting value: line 1 column 1 (char 0)
2025-01-17 14:51:23,411 - INFO - Extraction of program info complete for all text files.
2025-01-17 14:54:24,961 - INFO - Processing file: IESE_Fiche-technique_extracted_text.txt
2025-01-17 14:54:28,701 - INFO - Program info extracted for IESE_Fiche-technique_extracted_text.txt and saved in universityprograms directory.
2025-01-17 14:54:28,702 - INFO - Processing file: ING-CMI_extracted_text.txt
2025-01-17 14:54:30,831 - ERROR - JSON decode error for ING-CMI_extracted_text.txt: Expecting value: line 1 column 1 (char 0)
2025-01-17 14:54:30,832 - INFO - Processing file: ING-IAA_extracted_text.txt
2025-01-17 14:54:32,495 - INFO - Program info extracted for ING-IAA_extracted_text.txt and saved in universityprograms directory.
2025-01-17 14:54:32,496 - INFO - Processing file: ING-IMt_extracted_text.txt
2025-01-17 14:54:35,580 - ERROR - JSON decode error for ING-IMt_extracted_text.txt: Expecting value: line 1 column 1 (char 0)
2025-01-17 14:54:35,580 - INFO - Processing file: ING-ISACQ_extracted_text.txt
2025-01-17 14:54:39,160 - ERROR - JSON decode error for ING-ISACQ_extracted_text.txt: Expecting value: line 1 column 1 (char 0)
2025-01-17 14:54:39,160 - INFO - Processing file: ING-SICOM_extracted_text.txt
2025-01-17 14:54:41,381 - INFO - Program info extracted for ING-SICOM_extracted_text.txt and saved in universityprograms directory.
2025-01-17 14:54:41,383 - INFO - Processing file: LST-BPHSA_extracted_text.txt
2025-01-17 14:54:43,663 - INFO - Program info extracted for LST-BPHSA_extracted_text.txt and saved in universityprograms directory.
2025-01-17 14:54:43,666 - INFO - Processing file: LST-BVPR_extracted_text.txt
2025-01-17 14:54:46,172 - ERROR - JSON decode error for LST-BVPR_extracted_text.txt: Expecting value: line 1 column 1 (char 0)
2025-01-17 14:54:46,174 - INFO - Processing file: LST-G-Indus_extracted_text.txt
2025-01-17 14:54:47,722 - ERROR - JSON decode error for LST-G-Indus_extracted_text.txt: Expecting value: line 1 column 1 (char 0)
2025-01-17 14:54:47,724 - INFO - Processing file: LST-G-Info_extracted_text.txt
2025-01-17 14:54:50,048 - INFO - Program info extracted for LST-G-Info_extracted_text.txt and saved in universityprograms directory.
2025-01-17 14:54:50,049 - INFO - Processing file: LST-GC_extracted_text.txt
2025-01-17 14:54:52,914 - INFO - Program info extracted for LST-GC_extracted_text.txt and saved in universityprograms directory.
2025-01-17 14:54:52,916 - INFO - Processing file: LST-GE_extracted_text.txt
2025-01-17 14:54:55,158 - ERROR - JSON decode error for LST-GE_extracted_text.txt: Expecting value: line 1 column 1 (char 0)
2025-01-17 14:54:55,159 - INFO - Processing file: LST-GRE_extracted_text.txt
2025-01-17 14:54:57,456 - ERROR - JSON decode error for LST-GRE_extracted_text.txt: Expecting value: line 1 column 1 (char 0)
2025-01-17 14:54:57,457 - INFO - Processing file: LST-MA_extracted_text.txt
2025-01-17 14:55:00,930 - ERROR - JSON decode error for LST-MA_extracted_text.txt: Expecting value: line 1 column 1 (char 0)
2025-01-17 14:55:00,932 - INFO - Processing file: LST-SBAS_extracted_text.txt
2025-01-17 14:55:02,748 - ERROR - JSON decode error for LST-SBAS_extracted_text.txt: Expecting value: line 1 column 1 (char 0)
2025-01-17 14:55:02,748 - INFO - Processing file: LST-TACQ_extracted_text.txt
2025-01-17 14:55:04,692 - ERROR - JSON decode error for LST-TACQ_extracted_text.txt: Expecting value: line 1 column 1 (char 0)
2025-01-17 14:55:04,693 - INFO - Processing file: LST_CAM_extracted_text.txt
2025-01-17 14:55:06,434 - ERROR - JSON decode error for LST_CAM_extracted_text.txt: Expecting value: line 1 column 1 (char 0)
2025-01-17 14:55:06,436 - INFO - Processing file: MST-BM_extracted_text.txt
2025-01-17 14:55:08,539 - INFO - Program info extracted for MST-BM_extracted_text.txt and saved in universityprograms directory.
2025-01-17 14:55:08,540 - INFO - Processing file: MST-CMBA_extracted_text.txt
2025-01-17 14:55:10,961 - ERROR - JSON decode error for MST-CMBA_extracted_text.txt: Expecting value: line 1 column 1 (char 0)
2025-01-17 14:55:10,962 - INFO - Processing file: MST-GCB_extracted_text.txt
2025-01-17 14:55:13,312 - ERROR - JSON decode error for MST-GCB_extracted_text.txt: Expecting value: line 1 column 1 (char 0)
2025-01-17 14:55:13,313 - INFO - Processing file: MST-GIndus_extracted_text.txt
2025-01-17 14:55:15,912 - INFO - Program info extracted for MST-GIndus_extracted_text.txt and saved in universityprograms directory.
2025-01-17 14:55:15,913 - INFO - Processing file: MST-GMPr_extracted_text.txt
2025-01-17 14:55:18,077 - INFO - Program info extracted for MST-GMPr_extracted_text.txt and saved in universityprograms directory.
2025-01-17 14:55:18,084 - INFO - Processing file: MST-GMP_extracted_text.txt
2025-01-17 14:55:20,649 - INFO - Program info extracted for MST-GMP_extracted_text.txt and saved in universityprograms directory.
2025-01-17 14:55:20,650 - INFO - Processing file: MST-MACS_extracted_text.txt
2025-01-17 14:55:23,124 - ERROR - JSON decode error for MST-MACS_extracted_text.txt: Expecting value: line 1 column 1 (char 0)
2025-01-17 14:55:23,125 - INFO - Processing file: MST-SDSI_extracted_text.txt
2025-01-17 14:55:25,997 - INFO - Program info extracted for MST-SDSI_extracted_text.txt and saved in universityprograms directory.
2025-01-17 14:55:25,997 - INFO - Processing file: MST-SIE_extracted_text.txt
2025-01-17 14:55:27,927 - INFO - Program info extracted for MST-SIE_extracted_text.txt and saved in universityprograms directory.
2025-01-17 14:55:27,927 - INFO - Processing file: Réglement-Ing-Verso_extracted_text.txt
2025-01-17 14:55:29,801 - ERROR - JSON decode error for Réglement-Ing-Verso_extracted_text.txt: Expecting value: line 1 column 1 (char 0)
2025-01-17 14:55:29,805 - INFO - Processing file: Réglement-LST-Verso_extracted_text.txt
2025-01-17 14:55:31,000 - ERROR - JSON decode error for Réglement-LST-Verso_extracted_text.txt: Expecting value: line 1 column 1 (char 0)
2025-01-17 14:55:31,002 - INFO - Processing file: Réglement-MST-verso_extracted_text.txt
2025-01-17 14:55:32,476 - ERROR - JSON decode error for Réglement-MST-verso_extracted_text.txt: Expecting value: line 1 column 1 (char 0)
2025-01-17 14:55:32,476 - INFO - Processing file: Réglement-TC-Verso_extracted_text.txt
2025-01-17 14:55:33,919 - ERROR - JSON decode error for Réglement-TC-Verso_extracted_text.txt: Expecting value: line 1 column 1 (char 0)
2025-01-17 14:55:33,920 - INFO - Processing file: TC-BCG_extracted_text.txt
2025-01-17 14:55:35,818 - ERROR - JSON decode error for TC-BCG_extracted_text.txt: Expecting value: line 1 column 1 (char 0)
2025-01-17 14:55:35,820 - INFO - Processing file: TC-MIP_extracted_text.txt
2025-01-17 14:55:37,659 - ERROR - JSON decode error for TC-MIP_extracted_text.txt: Expecting value: line 1 column 1 (char 0)
2025-01-17 14:55:37,660 - INFO - Extraction of program info complete for all text files.
